2025-02-02 14:32:30 - INFO  - Starting HomemoviesApplication using Java 21.0.2 with PID 2156 (/Users/spencerbirch/Documents/Code/homemovies/homevideos/backend/target/classes started by spencerbirch in /Users/spencerbirch/Documents/Code/homemovies/homevideos)
2025-02-02 14:32:30 - DEBUG - Running with Spring Boot v3.2.2, Spring v6.1.3
2025-02-02 14:32:30 - INFO  - The following 1 profile is active: "production"
2025-02-02 14:32:31 - INFO  - Multiple Spring Data modules found, entering strict repository configuration mode
2025-02-02 14:32:31 - INFO  - Bootstrapping Spring Data JPA repositories in DEFAULT mode.
2025-02-02 14:32:31 - INFO  - Finished Spring Data repository scanning in 58 ms. Found 3 JPA repository interfaces.
2025-02-02 14:32:31 - INFO  - Tomcat initialized with port 8080 (http)
2025-02-02 14:32:31 - INFO  - Initializing ProtocolHandler ["http-nio-8080"]
2025-02-02 14:32:31 - INFO  - Starting service [Tomcat]
2025-02-02 14:32:31 - INFO  - Starting Servlet engine: [Apache Tomcat/10.1.18]
2025-02-02 14:32:31 - INFO  - Initializing Spring embedded WebApplicationContext
2025-02-02 14:32:31 - INFO  - Root WebApplicationContext: initialization completed in 491 ms
2025-02-02 14:32:31 - INFO  - No LoadTimeWeaver setup: ignoring JPA class transformer
2025-02-02 14:32:31 - INFO  - HikariPool-1 - Starting...
2025-02-02 14:32:31 - INFO  - HikariPool-1 - Added connection org.postgresql.jdbc.PgConnection@25b74370
2025-02-02 14:32:31 - INFO  - HikariPool-1 - Start completed.
2025-02-02 14:32:31 - INFO  - Initialized JPA EntityManagerFactory for persistence unit 'default'
2025-02-02 14:32:32 - INFO  - Starting ProtocolHandler ["http-nio-8080"]
2025-02-02 14:32:32 - INFO  - Tomcat started on port 8080 (http) with context path ''
2025-02-02 14:32:32 - INFO  - Started HomemoviesApplication in 1.758 seconds (process running for 2.051)
2025-02-02 14:41:46 - INFO  - Initializing Spring DispatcherServlet 'dispatcherServlet'
2025-02-02 14:41:46 - INFO  - Initializing Servlet 'dispatcherServlet'
2025-02-02 14:41:46 - INFO  - Completed initialization in 1 ms
2025-02-02 14:41:46 - INFO  - 102 - Getting page 0
2025-02-02 14:41:46 - INFO  - 102 - Getting page 1
2025-02-02 14:41:46 - INFO  - 102 - Getting page 2
2025-02-02 14:41:49 - INFO  - 102 - Logging out user: 'spencer'
2025-02-02 14:41:49 - WARN  - 500 - Token is null at blacklistToken, will not blacklist
2025-02-02 14:41:49 - INFO  - 200 - Successfully logged out user: 'spencer'
2025-02-02 14:41:50 - INFO  - 102 - Getting page 0
2025-02-02 14:41:50 - INFO  - 102 - Getting page 1
2025-02-02 14:41:50 - INFO  - 102 - Getting page 2
2025-02-02 14:43:20 - INFO  - 102 - Login attempt for user: 'spencer'
2025-02-02 14:43:20 - INFO  - 102 - Generating JWT token for user 'spencer'
2025-02-02 14:43:20 - INFO  - 200 - Set authentication cookie
2025-02-02 14:43:20 - INFO  - 200 - Successful login for user: 'spencer'
2025-02-02 14:43:20 - INFO  - 102 - Getting page 0
2025-02-02 14:43:21 - INFO  - 102 - Getting page 1
2025-02-02 14:43:21 - INFO  - 102 - Getting page 2
2025-02-02 14:44:01 - INFO  - 102 - Getting video by ID: 4
2025-02-02 14:44:01 - INFO  - 102 - Getting comments for video '4'
2025-02-02 14:44:07 - INFO  - 102 - Getting page 0
2025-02-02 14:44:07 - INFO  - 102 - Getting page 1
2025-02-02 14:44:07 - INFO  - 102 - Getting page 2
2025-02-02 14:44:13 - INFO  - 102 - Getting page 0
2025-02-02 14:44:13 - INFO  - 102 - Getting page 1
2025-02-02 14:44:13 - INFO  - 102 - Getting page 2
2025-02-02 14:44:15 - INFO  - 102 - Getting video by ID: 4
2025-02-02 14:44:15 - INFO  - 102 - Getting comments for video '4'
2025-02-02 14:44:23 - INFO  - 102 - Getting page 0
2025-02-02 14:44:23 - INFO  - 102 - Getting page 1
2025-02-02 14:44:23 - INFO  - 102 - Getting page 2
2025-02-02 14:44:24 - INFO  - 102 - Getting video by ID: 4
2025-02-02 14:44:24 - INFO  - 102 - Getting comments for video '4'
2025-02-02 14:44:26 - INFO  - 102 - Getting page 0
2025-02-02 14:44:26 - INFO  - 102 - Getting page 1
2025-02-02 14:44:26 - INFO  - 102 - Getting page 2
2025-02-02 14:44:26 - INFO  - 102 - Getting video by ID: 3
2025-02-02 14:44:26 - INFO  - 102 - Getting comments for video '3'
2025-02-02 14:44:28 - INFO  - 102 - Getting page 0
2025-02-02 14:44:28 - INFO  - 102 - Getting page 1
2025-02-02 14:44:28 - INFO  - 102 - Getting page 2
2025-02-02 14:44:29 - INFO  - 102 - Getting video by ID: 8
2025-02-02 14:44:29 - INFO  - 102 - Getting comments for video '8'
2025-02-02 14:44:31 - INFO  - 102 - Getting page 0
2025-02-02 14:44:31 - INFO  - 102 - Getting page 1
2025-02-02 14:44:31 - INFO  - 102 - Getting page 2
2025-02-02 14:44:32 - INFO  - 102 - Getting video by ID: 4
2025-02-02 14:44:32 - INFO  - 102 - Getting comments for video '4'
2025-02-02 14:53:14 - INFO  - 102 - Getting page 0
2025-02-02 14:53:14 - INFO  - 102 - Getting page 1
2025-02-02 14:53:14 - INFO  - 102 - Getting page 2
2025-02-02 14:53:15 - INFO  - 102 - Getting video by ID: 7
2025-02-02 14:53:15 - INFO  - 102 - Getting comments for video '7'
2025-02-02 14:53:24 - INFO  - 102 - Getting page 0
2025-02-02 14:53:24 - INFO  - 102 - Getting page 1
2025-02-02 14:53:24 - INFO  - 102 - Getting page 2
2025-02-02 14:53:25 - INFO  - 102 - Getting video by ID: 11
2025-02-02 14:53:25 - INFO  - 102 - Getting comments for video '11'
2025-02-02 14:53:28 - INFO  - 102 - Getting page 0
2025-02-02 14:53:28 - INFO  - 102 - Getting page 1
2025-02-02 14:53:28 - INFO  - 102 - Getting page 2
2025-02-02 14:53:30 - INFO  - 102 - Getting video by ID: 9
2025-02-02 14:53:30 - INFO  - 102 - Getting comments for video '9'
2025-02-02 14:53:32 - INFO  - 102 - Getting page 0
2025-02-02 14:53:32 - INFO  - 102 - Getting page 1
2025-02-02 14:53:32 - INFO  - 102 - Getting page 2
2025-02-02 14:53:33 - INFO  - 102 - Getting video by ID: 15
2025-02-02 14:53:33 - INFO  - 102 - Getting comments for video '15'
2025-02-02 14:53:36 - INFO  - 102 - Getting page 0
2025-02-02 14:53:36 - INFO  - 102 - Getting page 1
2025-02-02 14:53:36 - INFO  - 102 - Getting page 2
2025-02-02 15:01:12 - INFO  - 102 - Getting page 0
2025-02-02 15:01:12 - INFO  - 102 - Getting page 1
2025-02-02 15:01:12 - INFO  - 102 - Getting page 2
2025-02-02 15:01:14 - INFO  - 102 - Getting video by ID: 4
2025-02-02 15:01:14 - INFO  - 102 - Getting comments for video '4'
2025-02-02 15:01:24 - INFO  - 102 - Updating Comment ID: 24 - Message: 'test!'
2025-02-02 15:01:24 - INFO  - 102 - Checking token blacklist status
2025-02-02 15:01:24 - INFO  - 200 - Token is not blacklisted: 'eyJhbGciOiJIUzM4NCJ9.eyJpc0FkbWluIjp0cnVlLCJzdWIiOiJzcGVuY2VyIiwiaWF0IjoxNzM4NTMyNjAwLCJleHAiOjE3Mzg1MzYyMDB9.iyxmc6hcUSFc9FX0xOJ-PtU5bYgccIy82hmD4b2K4BiH7CYae9yr1-6YJ19FhDDQ'
2025-02-02 15:01:24 - INFO  - 200 - Token validated for user 'spencer'
2025-02-02 15:01:24 - INFO  - 102 - Getting video by ID: 4
2025-02-02 15:01:24 - INFO  - 102 - Getting comments for video '4'
2025-02-02 15:01:32 - INFO  - 102 - Logging out user: 'spencer'
2025-02-02 15:01:32 - INFO  - 200 - Token blacklisted successfully: 'eyJhbGciOiJIUzM4NCJ9.eyJpc0FkbWluIjp0cnVlLCJzdWIiOiJzcGVuY2VyIiwiaWF0IjoxNzM4NTMyNjAwLCJleHAiOjE3Mzg1MzYyMDB9.iyxmc6hcUSFc9FX0xOJ-PtU5bYgccIy82hmD4b2K4BiH7CYae9yr1-6YJ19FhDDQ'
2025-02-02 15:01:32 - INFO  - 200 - Successfully logged out user: 'spencer'
2025-02-02 15:01:33 - INFO  - 102 - Getting page 0
2025-02-02 15:01:33 - INFO  - 102 - Getting page 1
2025-02-02 15:01:33 - INFO  - 102 - Getting page 2
2025-02-02 15:01:38 - INFO  - 102 - Getting video by ID: 4
2025-02-02 15:01:38 - INFO  - 102 - Getting comments for video '4'
2025-02-02 15:01:50 - INFO  - 102 - Login attempt for user: 'spencer'
2025-02-02 15:01:50 - INFO  - 102 - Generating JWT token for user 'spencer'
2025-02-02 15:01:50 - INFO  - 200 - Set authentication cookie
2025-02-02 15:01:50 - INFO  - 200 - Successful login for user: 'spencer'
2025-02-02 15:01:50 - INFO  - 102 - Getting page 0
2025-02-02 15:01:50 - INFO  - 102 - Getting page 1
2025-02-02 15:01:50 - INFO  - 102 - Getting page 2
2025-02-02 15:01:52 - INFO  - 102 - Getting video by ID: 4
2025-02-02 15:01:52 - INFO  - 102 - Getting comments for video '4'
2025-02-02 15:01:54 - INFO  - 102 - deleting comment ID: 15
2025-02-02 15:01:54 - INFO  - 102 - Checking token blacklist status
2025-02-02 15:01:54 - INFO  - 200 - Token is not blacklisted: 'eyJhbGciOiJIUzM4NCJ9.eyJpc0FkbWluIjp0cnVlLCJzdWIiOiJzcGVuY2VyIiwiaWF0IjoxNzM4NTMzNzEwLCJleHAiOjE3Mzg1MzczMTB9.20hseTTz0zbI40vHETa-ic0Bw5AJClVZYm-dFJTC8zJ0lUKQD5JYybHsUFUSqe8D'
2025-02-02 15:01:54 - INFO  - 200 - Token validated for user 'spencer'
2025-02-02 15:01:54 - INFO  - 102 - Comment '15' deleted by user 'spencer'
2025-02-02 15:01:54 - INFO  - 102 - Getting video by ID: 4
2025-02-02 15:01:54 - INFO  - 102 - Getting comments for video '4'
2025-02-02 15:02:11 - INFO  - 102 - Logging out user: 'spencer'
2025-02-02 15:02:11 - INFO  - 200 - Token blacklisted successfully: 'eyJhbGciOiJIUzM4NCJ9.eyJpc0FkbWluIjp0cnVlLCJzdWIiOiJzcGVuY2VyIiwiaWF0IjoxNzM4NTMzNzEwLCJleHAiOjE3Mzg1MzczMTB9.20hseTTz0zbI40vHETa-ic0Bw5AJClVZYm-dFJTC8zJ0lUKQD5JYybHsUFUSqe8D'
2025-02-02 15:02:11 - INFO  - 200 - Successfully logged out user: 'spencer'
2025-02-02 15:02:12 - INFO  - 102 - Getting page 0
2025-02-02 15:02:12 - INFO  - 102 - Getting page 1
2025-02-02 15:02:12 - INFO  - 102 - Getting page 2
2025-02-02 15:02:19 - INFO  - 102 - Login attempt for user: 'test'
2025-02-02 15:02:19 - INFO  - 102 - Generating JWT token for user 'test'
2025-02-02 15:02:19 - INFO  - 200 - Set authentication cookie
2025-02-02 15:02:19 - INFO  - 200 - Successful login for user: 'test'
2025-02-02 15:02:19 - INFO  - 102 - Getting page 0
2025-02-02 15:02:19 - INFO  - 102 - Getting page 1
2025-02-02 15:02:19 - INFO  - 102 - Getting page 2
2025-02-02 15:02:21 - INFO  - 102 - Getting video by ID: 4
2025-02-02 15:02:21 - INFO  - 102 - Getting comments for video '4'
2025-02-02 15:02:29 - INFO  - 102 - 'test' posting comment: 'test'
2025-02-02 15:02:29 - INFO  - 102 - Checking token blacklist status
2025-02-02 15:02:29 - INFO  - 200 - Token is not blacklisted: 'eyJhbGciOiJIUzM4NCJ9.eyJpc0FkbWluIjpmYWxzZSwic3ViIjoidGVzdCIsImlhdCI6MTczODUzMzczOSwiZXhwIjoxNzM4NTM3MzM5fQ.5mALJiu3OBummevoevJ1l9bD0eVlxwDIPv7CqS57cYvnzVQ_ja6vX80idaBCg0yf'
2025-02-02 15:02:29 - INFO  - 200 - Token validated for user 'test'
2025-02-02 15:02:29 - INFO  - 102 - Comment posted by user 'test'
2025-02-02 15:02:34 - INFO  - 102 - Getting page 0
2025-02-02 15:02:34 - INFO  - 102 - Getting page 1
2025-02-02 15:02:34 - INFO  - 102 - Getting page 2
2025-02-02 15:02:40 - INFO  - 102 - Getting video by ID: 4
2025-02-02 15:02:40 - INFO  - 102 - Getting comments for video '4'
2025-02-02 15:02:47 - INFO  - 102 - Logging out user: 'test'
2025-02-02 15:02:47 - INFO  - 200 - Token blacklisted successfully: 'eyJhbGciOiJIUzM4NCJ9.eyJpc0FkbWluIjpmYWxzZSwic3ViIjoidGVzdCIsImlhdCI6MTczODUzMzczOSwiZXhwIjoxNzM4NTM3MzM5fQ.5mALJiu3OBummevoevJ1l9bD0eVlxwDIPv7CqS57cYvnzVQ_ja6vX80idaBCg0yf'
2025-02-02 15:02:47 - INFO  - 200 - Successfully logged out user: 'test'
2025-02-02 15:02:48 - INFO  - 102 - Getting page 0
2025-02-02 15:02:48 - INFO  - 102 - Getting page 1
2025-02-02 15:02:48 - INFO  - 102 - Getting page 2
2025-02-02 16:18:08 - INFO  - 102 - Getting video by ID: 4
2025-02-02 16:18:08 - INFO  - 102 - Getting comments for video '4'
2025-02-02 16:18:23 - INFO  - 102 - Login attempt for user: 'spencer'
2025-02-02 16:18:24 - INFO  - 102 - Generating JWT token for user 'spencer'
2025-02-02 16:18:24 - INFO  - 200 - Set authentication cookie
2025-02-02 16:18:24 - INFO  - 200 - Successful login for user: 'spencer'
2025-02-02 16:18:24 - INFO  - 102 - Getting page 0
2025-02-02 16:18:24 - INFO  - 102 - Getting page 1
2025-02-02 16:18:24 - INFO  - 102 - Getting page 2
2025-02-02 16:18:27 - INFO  - 102 - Getting video by ID: 4
2025-02-02 16:18:27 - INFO  - 102 - Getting comments for video '4'
2025-02-02 16:18:34 - WARN  - Resolved [org.springframework.web.HttpRequestMethodNotSupportedException: Request method 'PATCH' is not supported]
2025-02-02 16:18:44 - INFO  - 102 - Getting video by ID: 4
2025-02-02 16:18:44 - INFO  - 102 - Getting comments for video '4'
2025-02-02 16:20:09 - INFO  - 102 - Getting video by ID: 4
2025-02-02 16:20:09 - INFO  - 102 - Getting comments for video '4'
2025-02-02 16:34:25 - INFO  - Starting HomemoviesApplication using Java 21.0.2 with PID 3846 (/Users/spencerbirch/Documents/Code/homemovies/homevideos/backend/target/classes started by spencerbirch in /Users/spencerbirch/Documents/Code/homemovies/homevideos)
2025-02-02 16:34:25 - DEBUG - Running with Spring Boot v3.2.2, Spring v6.1.3
2025-02-02 16:34:25 - INFO  - The following 1 profile is active: "production"
2025-02-02 16:34:25 - INFO  - Multiple Spring Data modules found, entering strict repository configuration mode
2025-02-02 16:34:25 - INFO  - Bootstrapping Spring Data JPA repositories in DEFAULT mode.
2025-02-02 16:34:25 - INFO  - Finished Spring Data repository scanning in 57 ms. Found 3 JPA repository interfaces.
2025-02-02 16:34:25 - INFO  - Tomcat initialized with port 8080 (http)
2025-02-02 16:34:25 - INFO  - Initializing ProtocolHandler ["http-nio-8080"]
2025-02-02 16:34:25 - INFO  - Starting service [Tomcat]
2025-02-02 16:34:25 - INFO  - Starting Servlet engine: [Apache Tomcat/10.1.18]
2025-02-02 16:34:25 - INFO  - Initializing Spring embedded WebApplicationContext
2025-02-02 16:34:25 - INFO  - Root WebApplicationContext: initialization completed in 485 ms
2025-02-02 16:34:25 - INFO  - No LoadTimeWeaver setup: ignoring JPA class transformer
2025-02-02 16:34:25 - INFO  - HikariPool-1 - Starting...
2025-02-02 16:34:25 - INFO  - HikariPool-1 - Added connection org.postgresql.jdbc.PgConnection@37d6dddc
2025-02-02 16:34:25 - INFO  - HikariPool-1 - Start completed.
2025-02-02 16:34:26 - INFO  - Initialized JPA EntityManagerFactory for persistence unit 'default'
2025-02-02 16:34:26 - INFO  - Starting ProtocolHandler ["http-nio-8080"]
2025-02-02 16:34:26 - INFO  - Tomcat started on port 8080 (http) with context path ''
2025-02-02 16:34:26 - INFO  - Started HomemoviesApplication in 1.701 seconds (process running for 1.974)
2025-02-02 16:34:40 - INFO  - Initializing Spring DispatcherServlet 'dispatcherServlet'
2025-02-02 16:34:40 - INFO  - Initializing Servlet 'dispatcherServlet'
2025-02-02 16:34:40 - INFO  - Completed initialization in 1 ms
2025-02-02 16:34:40 - INFO  - 102 - Getting page 0
2025-02-02 16:34:43 - INFO  - 102 - Getting page 0
2025-02-02 16:34:43 - INFO  - 102 - Getting page 1
2025-02-02 16:34:43 - INFO  - 102 - Getting page 2
2025-02-02 16:34:48 - INFO  - 102 - Getting video by ID: 4
2025-02-02 16:34:48 - INFO  - 102 - Getting comments for video '4'
2025-02-02 16:36:39 - INFO  - 102 - Getting video by ID: 4
2025-02-02 16:36:39 - INFO  - 102 - Getting comments for video '4'
2025-02-02 16:36:41 - INFO  - 102 - Getting video by ID: 4
2025-02-02 16:36:41 - INFO  - 102 - Getting comments for video '4'
2025-02-02 16:37:39 - INFO  - 102 - Getting video by ID: 4
2025-02-02 16:37:39 - INFO  - 102 - Getting comments for video '4'
2025-02-02 16:39:10 - INFO  - Starting HomemoviesApplication using Java 21.0.2 with PID 3992 (/Users/spencerbirch/Documents/Code/homemovies/homevideos/backend/target/classes started by spencerbirch in /Users/spencerbirch/Documents/Code/homemovies/homevideos)
2025-02-02 16:39:10 - DEBUG - Running with Spring Boot v3.2.2, Spring v6.1.3
2025-02-02 16:39:10 - INFO  - The following 1 profile is active: "production"
2025-02-02 16:39:10 - INFO  - Multiple Spring Data modules found, entering strict repository configuration mode
2025-02-02 16:39:10 - INFO  - Bootstrapping Spring Data JPA repositories in DEFAULT mode.
2025-02-02 16:39:11 - INFO  - Finished Spring Data repository scanning in 65 ms. Found 3 JPA repository interfaces.
2025-02-02 16:39:11 - INFO  - Tomcat initialized with port 8080 (http)
2025-02-02 16:39:11 - INFO  - Initializing ProtocolHandler ["http-nio-8080"]
2025-02-02 16:39:11 - INFO  - Starting service [Tomcat]
2025-02-02 16:39:11 - INFO  - Starting Servlet engine: [Apache Tomcat/10.1.18]
2025-02-02 16:39:11 - INFO  - Initializing Spring embedded WebApplicationContext
2025-02-02 16:39:11 - INFO  - Root WebApplicationContext: initialization completed in 541 ms
2025-02-02 16:39:11 - INFO  - No LoadTimeWeaver setup: ignoring JPA class transformer
2025-02-02 16:39:11 - INFO  - HikariPool-1 - Starting...
2025-02-02 16:39:11 - INFO  - HikariPool-1 - Added connection org.postgresql.jdbc.PgConnection@74ebd159
2025-02-02 16:39:11 - INFO  - HikariPool-1 - Start completed.
2025-02-02 16:39:11 - INFO  - Initialized JPA EntityManagerFactory for persistence unit 'default'
2025-02-02 16:39:12 - INFO  - Starting ProtocolHandler ["http-nio-8080"]
2025-02-02 16:39:12 - INFO  - Tomcat started on port 8080 (http) with context path ''
2025-02-02 16:39:12 - INFO  - Started HomemoviesApplication in 1.725 seconds (process running for 1.988)
2025-02-02 16:39:18 - INFO  - Initializing Spring DispatcherServlet 'dispatcherServlet'
2025-02-02 16:39:18 - INFO  - Initializing Servlet 'dispatcherServlet'
2025-02-02 16:39:18 - INFO  - Completed initialization in 1 ms
2025-02-02 16:40:22 - INFO  - Starting HomemoviesApplication using Java 21.0.2 with PID 4029 (/Users/spencerbirch/Documents/Code/homemovies/homevideos/backend/target/classes started by spencerbirch in /Users/spencerbirch/Documents/Code/homemovies/homevideos)
2025-02-02 16:40:22 - DEBUG - Running with Spring Boot v3.2.2, Spring v6.1.3
2025-02-02 16:40:22 - INFO  - The following 1 profile is active: "production"
2025-02-02 16:40:22 - INFO  - Multiple Spring Data modules found, entering strict repository configuration mode
2025-02-02 16:40:22 - INFO  - Bootstrapping Spring Data JPA repositories in DEFAULT mode.
2025-02-02 16:40:22 - INFO  - Finished Spring Data repository scanning in 62 ms. Found 3 JPA repository interfaces.
2025-02-02 16:40:22 - INFO  - Tomcat initialized with port 8080 (http)
2025-02-02 16:40:22 - INFO  - Initializing ProtocolHandler ["http-nio-8080"]
2025-02-02 16:40:22 - INFO  - Starting service [Tomcat]
2025-02-02 16:40:22 - INFO  - Starting Servlet engine: [Apache Tomcat/10.1.18]
2025-02-02 16:40:22 - INFO  - Initializing Spring embedded WebApplicationContext
2025-02-02 16:40:22 - INFO  - Root WebApplicationContext: initialization completed in 505 ms
2025-02-02 16:40:22 - INFO  - No LoadTimeWeaver setup: ignoring JPA class transformer
2025-02-02 16:40:22 - INFO  - HikariPool-1 - Starting...
2025-02-02 16:40:22 - INFO  - HikariPool-1 - Added connection org.postgresql.jdbc.PgConnection@6451a288
2025-02-02 16:40:22 - INFO  - HikariPool-1 - Start completed.
2025-02-02 16:40:23 - INFO  - Initialized JPA EntityManagerFactory for persistence unit 'default'
2025-02-02 16:40:23 - INFO  - Starting ProtocolHandler ["http-nio-8080"]
2025-02-02 16:40:23 - INFO  - Tomcat started on port 8080 (http) with context path ''
2025-02-02 16:40:23 - INFO  - Started HomemoviesApplication in 1.769 seconds (process running for 2.036)
2025-02-02 16:40:24 - INFO  - Initializing Spring DispatcherServlet 'dispatcherServlet'
2025-02-02 16:40:24 - INFO  - Initializing Servlet 'dispatcherServlet'
2025-02-02 16:40:24 - INFO  - Completed initialization in 1 ms
2025-02-02 16:40:24 - INFO  - 102 - Getting video by ID: 4
2025-02-02 16:40:24 - INFO  - 102 - Getting comments for video '4'
2025-02-02 16:40:48 - INFO  - 102 - Getting video by ID: 4
2025-02-02 16:40:48 - INFO  - 102 - Getting comments for video '4'
2025-02-02 16:41:12 - INFO  - 102 - Getting video by ID: 4
2025-02-02 16:41:12 - INFO  - 102 - Getting comments for video '4'
2025-02-02 16:41:15 - INFO  - 102 - Updating video title for video ID: '4'
2025-02-02 16:41:15 - INFO  - 102 - Checking token blacklist status
2025-02-02 16:41:15 - INFO  - 200 - Token is not blacklisted: 'eyJhbGciOiJIUzM4NCJ9.eyJpc0FkbWluIjp0cnVlLCJzdWIiOiJzcGVuY2VyIiwiaWF0IjoxNzM4NTM4MzA0LCJleHAiOjE3Mzg1NDE5MDR9.XG0Q32--7lDwMNDex2UCC501fFVb15r1CchhFjnLej169Qx__nJLmeN0yr_As5_9'
2025-02-02 16:41:15 - INFO  - 200 - Token validated for user 'spencer'
2025-02-02 16:41:28 - INFO  - 102 - Getting video by ID: 4
2025-02-02 16:41:28 - INFO  - 102 - Getting comments for video '4'
2025-02-02 16:49:24 - INFO  - 102 - Getting video by ID: 4
2025-02-02 16:49:24 - INFO  - 102 - Getting comments for video '4'
2025-02-02 16:49:36 - INFO  - 102 - Getting page 0
2025-02-02 16:49:36 - INFO  - 102 - Getting page 1
2025-02-02 16:49:37 - INFO  - 102 - Getting video by ID: 4
2025-02-02 16:49:37 - INFO  - 102 - Getting comments for video '4'
2025-02-02 16:49:41 - INFO  - 102 - Updating video title for video ID: '4'
2025-02-02 16:49:41 - INFO  - 102 - Checking token blacklist status
2025-02-02 16:49:41 - INFO  - 200 - Token is not blacklisted: 'eyJhbGciOiJIUzM4NCJ9.eyJpc0FkbWluIjp0cnVlLCJzdWIiOiJzcGVuY2VyIiwiaWF0IjoxNzM4NTM4MzA0LCJleHAiOjE3Mzg1NDE5MDR9.XG0Q32--7lDwMNDex2UCC501fFVb15r1CchhFjnLej169Qx__nJLmeN0yr_As5_9'
2025-02-02 16:49:41 - INFO  - 200 - Token validated for user 'spencer'
2025-02-02 16:50:08 - INFO  - 102 - Getting video by ID: 4
2025-02-02 16:50:08 - INFO  - 102 - Getting comments for video '4'
2025-02-02 16:50:24 - INFO  - 102 - Getting page 0
2025-02-02 16:50:24 - INFO  - 102 - Getting page 1
2025-02-02 16:50:25 - INFO  - 102 - Getting video by ID: 4
2025-02-02 16:50:25 - INFO  - 102 - Getting comments for video '4'
2025-02-02 16:50:31 - INFO  - 102 - Updating video title for video ID: '4'
2025-02-02 16:50:31 - INFO  - 102 - Checking token blacklist status
2025-02-02 16:50:31 - INFO  - 200 - Token is not blacklisted: 'eyJhbGciOiJIUzM4NCJ9.eyJpc0FkbWluIjp0cnVlLCJzdWIiOiJzcGVuY2VyIiwiaWF0IjoxNzM4NTM4MzA0LCJleHAiOjE3Mzg1NDE5MDR9.XG0Q32--7lDwMNDex2UCC501fFVb15r1CchhFjnLej169Qx__nJLmeN0yr_As5_9'
2025-02-02 16:50:31 - INFO  - 200 - Token validated for user 'spencer'
2025-02-02 16:50:34 - INFO  - 102 - Getting video by ID: 4
2025-02-02 16:50:34 - INFO  - 102 - Getting comments for video '4'
2025-02-02 16:52:58 - INFO  - 102 - Getting video by ID: 4
2025-02-02 16:52:58 - INFO  - 102 - Getting comments for video '4'
2025-02-02 16:53:10 - INFO  - 102 - Getting video by ID: 4
2025-02-02 16:53:10 - INFO  - 102 - Getting comments for video '4'
2025-02-02 16:53:14 - INFO  - 102 - Updating video title for video ID: '4'
2025-02-02 16:53:14 - INFO  - 102 - Checking token blacklist status
2025-02-02 16:53:14 - INFO  - 200 - Token is not blacklisted: 'eyJhbGciOiJIUzM4NCJ9.eyJpc0FkbWluIjp0cnVlLCJzdWIiOiJzcGVuY2VyIiwiaWF0IjoxNzM4NTM4MzA0LCJleHAiOjE3Mzg1NDE5MDR9.XG0Q32--7lDwMNDex2UCC501fFVb15r1CchhFjnLej169Qx__nJLmeN0yr_As5_9'
2025-02-02 16:53:14 - INFO  - 200 - Token validated for user 'spencer'
2025-02-02 16:53:18 - INFO  - 102 - Getting page 0
2025-02-02 16:53:18 - INFO  - 102 - Getting page 1
2025-02-02 16:56:12 - INFO  - 102 - Getting page 2
2025-02-02 16:56:15 - INFO  - 102 - Getting video by ID: 4
2025-02-02 16:56:15 - INFO  - 102 - Getting comments for video '4'
2025-02-02 16:57:26 - INFO  - 102 - Getting video by ID: 4
2025-02-02 16:57:26 - INFO  - 102 - Getting comments for video '4'
2025-02-02 16:57:47 - INFO  - 102 - Getting video by ID: 4
2025-02-02 16:57:47 - INFO  - 102 - Getting comments for video '4'
2025-02-02 16:57:59 - INFO  - 102 - Getting page 0
2025-02-02 16:57:59 - INFO  - 102 - Getting page 1
2025-02-02 16:57:59 - INFO  - 102 - Getting page 2
2025-02-02 16:58:00 - INFO  - 102 - Getting video by ID: 4
2025-02-02 16:58:00 - INFO  - 102 - Getting comments for video '4'
2025-02-02 16:58:22 - INFO  - 102 - Getting video by ID: 4
2025-02-02 16:58:22 - INFO  - 102 - Getting comments for video '4'
2025-02-02 16:58:55 - INFO  - 102 - Getting video by ID: 4
2025-02-02 16:58:55 - INFO  - 102 - Getting comments for video '4'
2025-02-02 16:58:58 - INFO  - 102 - Updating video description for video ID: '4'
2025-02-02 16:58:58 - INFO  - 102 - Checking token blacklist status
2025-02-02 16:58:58 - INFO  - 200 - Token is not blacklisted: 'eyJhbGciOiJIUzM4NCJ9.eyJpc0FkbWluIjp0cnVlLCJzdWIiOiJzcGVuY2VyIiwiaWF0IjoxNzM4NTM4MzA0LCJleHAiOjE3Mzg1NDE5MDR9.XG0Q32--7lDwMNDex2UCC501fFVb15r1CchhFjnLej169Qx__nJLmeN0yr_As5_9'
2025-02-02 16:58:58 - INFO  - 200 - Token validated for user 'spencer'
2025-02-02 17:00:13 - INFO  - Starting HomemoviesApplication using Java 21.0.2 with PID 4463 (/Users/spencerbirch/Documents/Code/homemovies/homevideos/backend/target/classes started by spencerbirch in /Users/spencerbirch/Documents/Code/homemovies/homevideos)
2025-02-02 17:00:13 - DEBUG - Running with Spring Boot v3.2.2, Spring v6.1.3
2025-02-02 17:00:13 - INFO  - The following 1 profile is active: "production"
2025-02-02 17:00:13 - INFO  - Multiple Spring Data modules found, entering strict repository configuration mode
2025-02-02 17:00:13 - INFO  - Bootstrapping Spring Data JPA repositories in DEFAULT mode.
2025-02-02 17:00:13 - INFO  - Finished Spring Data repository scanning in 73 ms. Found 3 JPA repository interfaces.
2025-02-02 17:00:13 - INFO  - Tomcat initialized with port 8080 (http)
2025-02-02 17:00:13 - INFO  - Initializing ProtocolHandler ["http-nio-8080"]
2025-02-02 17:00:13 - INFO  - Starting service [Tomcat]
2025-02-02 17:00:13 - INFO  - Starting Servlet engine: [Apache Tomcat/10.1.18]
2025-02-02 17:00:13 - INFO  - Initializing Spring embedded WebApplicationContext
2025-02-02 17:00:13 - INFO  - Root WebApplicationContext: initialization completed in 544 ms
2025-02-02 17:00:13 - INFO  - No LoadTimeWeaver setup: ignoring JPA class transformer
2025-02-02 17:00:13 - INFO  - HikariPool-1 - Starting...
2025-02-02 17:00:13 - INFO  - HikariPool-1 - Added connection org.postgresql.jdbc.PgConnection@59313495
2025-02-02 17:00:13 - INFO  - HikariPool-1 - Start completed.
2025-02-02 17:00:14 - INFO  - Initialized JPA EntityManagerFactory for persistence unit 'default'
2025-02-02 17:00:14 - INFO  - Starting ProtocolHandler ["http-nio-8080"]
2025-02-02 17:00:14 - INFO  - Tomcat started on port 8080 (http) with context path ''
2025-02-02 17:00:14 - INFO  - Started HomemoviesApplication in 1.761 seconds (process running for 2.033)
2025-02-02 17:00:17 - INFO  - Initializing Spring DispatcherServlet 'dispatcherServlet'
2025-02-02 17:00:17 - INFO  - Initializing Servlet 'dispatcherServlet'
2025-02-02 17:00:17 - INFO  - Completed initialization in 0 ms
2025-02-02 17:00:17 - INFO  - 102 - Updating video description for video ID: '4'
2025-02-02 17:00:17 - INFO  - 102 - Checking token blacklist status
2025-02-02 17:00:17 - INFO  - 200 - Token is not blacklisted: 'eyJhbGciOiJIUzM4NCJ9.eyJpc0FkbWluIjp0cnVlLCJzdWIiOiJzcGVuY2VyIiwiaWF0IjoxNzM4NTM4MzA0LCJleHAiOjE3Mzg1NDE5MDR9.XG0Q32--7lDwMNDex2UCC501fFVb15r1CchhFjnLej169Qx__nJLmeN0yr_As5_9'
2025-02-02 17:00:17 - INFO  - 200 - Token validated for user 'spencer'
2025-02-02 17:00:17 - INFO  - 102 - Updating video description for video ID: '4' - This is the description!
2025-02-02 17:01:09 - INFO  - 102 - Logging out user: 'spencer'
2025-02-02 17:01:09 - INFO  - 200 - Token blacklisted successfully: 'eyJhbGciOiJIUzM4NCJ9.eyJpc0FkbWluIjp0cnVlLCJzdWIiOiJzcGVuY2VyIiwiaWF0IjoxNzM4NTM4MzA0LCJleHAiOjE3Mzg1NDE5MDR9.XG0Q32--7lDwMNDex2UCC501fFVb15r1CchhFjnLej169Qx__nJLmeN0yr_As5_9'
2025-02-02 17:01:09 - INFO  - 200 - Successfully logged out user: 'spencer'
2025-02-02 17:01:10 - INFO  - 102 - Getting page 0
2025-02-02 17:01:10 - INFO  - 102 - Getting page 1
2025-02-02 17:01:11 - INFO  - 102 - Getting video by ID: 4
2025-02-02 17:01:11 - INFO  - 102 - Getting comments for video '4'
2025-02-02 17:01:28 - INFO  - 102 - Login attempt for user: 'spencer'
2025-02-02 17:01:28 - INFO  - 102 - Generating JWT token for user 'spencer'
2025-02-02 17:01:28 - INFO  - 200 - Set authentication cookie
2025-02-02 17:01:28 - INFO  - 200 - Successful login for user: 'spencer'
2025-02-02 17:01:28 - INFO  - 102 - Getting page 0
2025-02-02 17:01:28 - INFO  - 102 - Getting page 1
2025-02-02 17:01:44 - INFO  - 102 - Getting video by ID: 4
2025-02-02 17:01:44 - INFO  - 102 - Getting comments for video '4'
2025-02-02 17:01:47 - INFO  - 102 - deleting comment ID: 26
2025-02-02 17:01:47 - INFO  - 102 - Checking token blacklist status
2025-02-02 17:01:47 - INFO  - 200 - Token is not blacklisted: 'eyJhbGciOiJIUzM4NCJ9.eyJpc0FkbWluIjp0cnVlLCJzdWIiOiJzcGVuY2VyIiwiaWF0IjoxNzM4NTQwODg4LCJleHAiOjE3Mzg1NDQ0ODh9._hxSNoVqScIF15qtpZyYmgbCy6Ufu2pvJc0dVJ_LqWR-yU6mFM8xyAyfikcUq4Se'
2025-02-02 17:01:47 - INFO  - 200 - Token validated for user 'spencer'
2025-02-02 17:01:47 - INFO  - 102 - Comment '26' deleted by user 'spencer'
2025-02-02 17:01:47 - INFO  - 102 - Getting video by ID: 4
2025-02-02 17:01:47 - INFO  - 102 - Getting comments for video '4'
2025-02-02 17:01:48 - INFO  - 102 - deleting comment ID: 24
2025-02-02 17:01:48 - INFO  - 102 - Checking token blacklist status
2025-02-02 17:01:48 - INFO  - 200 - Token is not blacklisted: 'eyJhbGciOiJIUzM4NCJ9.eyJpc0FkbWluIjp0cnVlLCJzdWIiOiJzcGVuY2VyIiwiaWF0IjoxNzM4NTQwODg4LCJleHAiOjE3Mzg1NDQ0ODh9._hxSNoVqScIF15qtpZyYmgbCy6Ufu2pvJc0dVJ_LqWR-yU6mFM8xyAyfikcUq4Se'
2025-02-02 17:01:48 - INFO  - 200 - Token validated for user 'spencer'
2025-02-02 17:01:48 - INFO  - 102 - Comment '24' deleted by user 'spencer'
2025-02-02 17:01:48 - INFO  - 102 - Getting video by ID: 4
2025-02-02 17:01:48 - INFO  - 102 - Getting comments for video '4'
2025-02-02 17:01:49 - INFO  - 102 - deleting comment ID: 22
2025-02-02 17:01:49 - INFO  - 102 - Checking token blacklist status
2025-02-02 17:01:49 - INFO  - 200 - Token is not blacklisted: 'eyJhbGciOiJIUzM4NCJ9.eyJpc0FkbWluIjp0cnVlLCJzdWIiOiJzcGVuY2VyIiwiaWF0IjoxNzM4NTQwODg4LCJleHAiOjE3Mzg1NDQ0ODh9._hxSNoVqScIF15qtpZyYmgbCy6Ufu2pvJc0dVJ_LqWR-yU6mFM8xyAyfikcUq4Se'
2025-02-02 17:01:49 - INFO  - 200 - Token validated for user 'spencer'
2025-02-02 17:01:49 - INFO  - 102 - Comment '22' deleted by user 'spencer'
2025-02-02 17:01:49 - INFO  - 102 - Getting video by ID: 4
2025-02-02 17:01:49 - INFO  - 102 - Getting comments for video '4'
2025-02-02 17:01:50 - INFO  - 102 - deleting comment ID: 20
2025-02-02 17:01:50 - INFO  - 102 - Checking token blacklist status
2025-02-02 17:01:50 - INFO  - 200 - Token is not blacklisted: 'eyJhbGciOiJIUzM4NCJ9.eyJpc0FkbWluIjp0cnVlLCJzdWIiOiJzcGVuY2VyIiwiaWF0IjoxNzM4NTQwODg4LCJleHAiOjE3Mzg1NDQ0ODh9._hxSNoVqScIF15qtpZyYmgbCy6Ufu2pvJc0dVJ_LqWR-yU6mFM8xyAyfikcUq4Se'
2025-02-02 17:01:50 - INFO  - 200 - Token validated for user 'spencer'
2025-02-02 17:01:50 - INFO  - 102 - Comment '20' deleted by user 'spencer'
2025-02-02 17:01:50 - INFO  - 102 - Getting video by ID: 4
2025-02-02 17:01:50 - INFO  - 102 - Getting comments for video '4'
2025-02-02 19:23:45 - INFO  - 102 - 'spencer' posting comment: 't'
2025-02-02 19:23:45 - WARN  - 406 - Token is null or empty at validateTokenAndUser
2025-02-02 19:23:45 - WARN  - 404 - Invalid token for: 'spencer'
2025-02-02 19:23:47 - INFO  - 102 - Logging out user: 'spencer'
2025-02-02 19:23:47 - WARN  - 500 - Token is null at blacklistToken, will not blacklist
2025-02-02 19:23:47 - INFO  - 200 - Successfully logged out user: 'spencer'
2025-02-02 19:23:48 - INFO  - 102 - Getting video by ID: 4
2025-02-02 19:23:48 - INFO  - 102 - Getting comments for video '4'
2025-02-02 21:34:31 - WARN  - HikariPool-1 - Thread starvation or clock leap detected (housekeeper delta=53m14s806ms).
2025-02-02 21:39:08 - WARN  - HikariPool-1 - Thread starvation or clock leap detected (housekeeper delta=4m36s891ms).
