2025-02-05 21:23:57 - INFO  - Starting HomemoviesApplication using Java 21.0.2 with PID 35049 (/Users/spencerbirch/Documents/Code/homemovies/homevideos/backend/target/classes started by spencerbirch in /Users/spencerbirch/Documents/Code/homemovies/homevideos)
2025-02-05 21:23:57 - DEBUG - Running with Spring Boot v3.2.2, Spring v6.1.3
2025-02-05 21:23:57 - INFO  - The following 1 profile is active: "production"
2025-02-05 21:23:57 - INFO  - Multiple Spring Data modules found, entering strict repository configuration mode
2025-02-05 21:23:57 - INFO  - Bootstrapping Spring Data JPA repositories in DEFAULT mode.
2025-02-05 21:23:57 - INFO  - Finished Spring Data repository scanning in 67 ms. Found 3 JPA repository interfaces.
2025-02-05 21:23:57 - INFO  - Tomcat initialized with port 8080 (http)
2025-02-05 21:23:57 - INFO  - Initializing ProtocolHandler ["http-nio-8080"]
2025-02-05 21:23:57 - INFO  - Starting service [Tomcat]
2025-02-05 21:23:57 - INFO  - Starting Servlet engine: [Apache Tomcat/10.1.18]
2025-02-05 21:23:57 - INFO  - Initializing Spring embedded WebApplicationContext
2025-02-05 21:23:57 - INFO  - Root WebApplicationContext: initialization completed in 523 ms
2025-02-05 21:23:58 - INFO  - No LoadTimeWeaver setup: ignoring JPA class transformer
2025-02-05 21:23:58 - INFO  - HikariPool-1 - Starting...
2025-02-05 21:23:58 - INFO  - HikariPool-1 - Added connection org.postgresql.jdbc.PgConnection@770cae59
2025-02-05 21:23:58 - INFO  - HikariPool-1 - Start completed.
2025-02-05 21:23:58 - INFO  - Initialized JPA EntityManagerFactory for persistence unit 'default'
2025-02-05 21:23:59 - INFO  - Starting ProtocolHandler ["http-nio-8080"]
2025-02-05 21:23:59 - INFO  - Tomcat started on port 8080 (http) with context path ''
2025-02-05 21:23:59 - INFO  - Started HomemoviesApplication in 1.804 seconds (process running for 2.079)
